<?xml version="1.0" encoding="UTF-8"?>
<!-- Generated by org.testng.reporters.JUnitReportReporter -->
<testsuite hostname="SwapnilPC" failures="0" tests="1" name="com.hemant.qa.testcases.LoginPageTest" time="9.275" errors="0" timestamp="01 Oct 2018 16:05:55 GMT" skipped="0">
  <testcase classname="com.hemant.qa.testcases.LoginPageTest" name="verifySignIn" time="9.275"/>
</testsuite> <!-- com.hemant.qa.testcases.LoginPageTest -->
