<?xml version="1.0" encoding="UTF-8"?>
<!-- Generated by org.testng.reporters.JUnitReportReporter -->
<testsuite hostname="SwapnilPC" failures="0" tests="1" name="com.seic.qa.testcases.LoginPageTest" time="10.016" errors="0" timestamp="26 Sep 2018 18:26:11 GMT" skipped="0">
  <testcase classname="com.seic.qa.testcases.LoginPageTest" name="verifySignIn" time="10.016"/>
</testsuite> <!-- com.seic.qa.testcases.LoginPageTest -->
