<?xml version="1.0" encoding="UTF-8"?>
<!-- Generated by org.testng.reporters.JUnitReportReporter -->
<testsuite hostname="SwapnilPC" failures="0" tests="1" name="com.hemant.qa.testcases.LoginPageTest" time="5.457" errors="0" timestamp="30 Sep 2018 18:58:31 GMT" skipped="0">
  <testcase classname="com.hemant.qa.testcases.LoginPageTest" name="verifySignIn" time="5.457"/>
</testsuite> <!-- com.hemant.qa.testcases.LoginPageTest -->
