<?xml version="1.0" encoding="UTF-8"?>
<!-- Generated by org.testng.reporters.JUnitReportReporter -->
<testsuite hostname="SwapnilPC" failures="0" tests="1" name="com.hemant.qa.testcases.LoginPageTest" time="6.483" errors="0" timestamp="29 Sep 2018 17:16:04 GMT" skipped="0">
  <testcase classname="com.hemant.qa.testcases.LoginPageTest" name="verifySignIn" time="6.483"/>
</testsuite> <!-- com.hemant.qa.testcases.LoginPageTest -->
